# JRE version: OpenJDK Runtime Environment (17.0.11) (build 17.0.11+0--11852314)
# Java VM: OpenJDK 64-Bit Server VM (17.0.11+0--11852314, mixed mode, tiered, compressed oops, compressed class ptrs, g1 gc, windows-amd64)
GC Precious Log:
 CPUs: 8 total, 8 available
 Memory: 16167M
 Large Page Support: Disabled
 NUMA Support: Disabled
 Compressed Oops: Enabled (32-bit)
 Heap Region Size: 1M
 Heap Min Capacity: 8M
 Heap Initial Capacity: 254M
 Heap Max Capacity: 2G
 Pre-touch: Disabled
 Parallel Workers: 8
 Concurrent Workers: 2
 Concurrent Refinement Workers: 8
 Periodic GC: Disabled
Heap:
 garbage-first heap   total 394240K, used 155008K [0x0000000080000000, 0x0000000100000000)
  region size 1024K, 36 young (36864K), 16 survivors (16384K)
 Metaspace       used 103298K, committed 104064K, reserved 1179648K
  class space    used 13949K, committed 14336K, reserved 1048576K
GC Heap History (20 events):
Event: 8.630 GC heap before
{Heap before GC invocations=36 (full 0):
 garbage-first heap   total 135168K, used 106235K [0x0000000080000000, 0x0000000100000000)
  region size 1024K, 28 young (28672K), 1 survivors (1024K)
 Metaspace       used 67040K, committed 67712K, reserved 1114112K
  class space    used 9209K, committed 9536K, reserved 1048576K
}
Event: 8.635 GC heap after
{Heap after GC invocations=37 (full 0):
 garbage-first heap   total 192512K, used 85437K [0x0000000080000000, 0x0000000100000000)
  region size 1024K, 4 young (4096K), 4 survivors (4096K)
 Metaspace       used 67040K, committed 67712K, reserved 1114112K
  class space    used 9209K, committed 9536K, reserved 1048576K
}
Event: 9.003 GC heap before
{Heap before GC invocations=38 (full 0):
 garbage-first heap   total 192512K, used 142781K [0x0000000080000000, 0x0000000100000000)
  region size 1024K, 61 young (62464K), 4 survivors (4096K)
 Metaspace       used 67376K, committed 68032K, reserved 1114112K
  class space    used 9210K, committed 9536K, reserved 1048576K
}
Event: 9.007 GC heap after
{Heap after GC invocations=39 (full 0):
 garbage-first heap   total 192512K, used 88590K [0x0000000080000000, 0x0000000100000000)
  region size 1024K, 8 young (8192K), 8 survivors (8192K)
 Metaspace       used 67376K, committed 68032K, reserved 1114112K
  class space    used 9210K, committed 9536K, reserved 1048576K
}
Event: 9.013 GC heap before
{Heap before GC invocations=39 (full 0):
 garbage-first heap   total 192512K, used 89614K [0x0000000080000000, 0x0000000100000000)
  region size 1024K, 9 young (9216K), 8 survivors (8192K)
 Metaspace       used 67387K, committed 68032K, reserved 1114112K
  class space    used 9210K, committed 9536K, reserved 1048576K
}
Event: 9.017 GC heap after
{Heap after GC invocations=40 (full 0):
 garbage-first heap   total 192512K, used 87168K [0x0000000080000000, 0x0000000100000000)
  region size 1024K, 1 young (1024K), 1 survivors (1024K)
 Metaspace       used 67387K, committed 68032K, reserved 1114112K
  class space    used 9210K, committed 9536K, reserved 1048576K
}
Event: 9.219 GC heap before
{Heap before GC invocations=40 (full 0):
 garbage-first heap   total 192512K, used 146560K [0x0000000080000000, 0x0000000100000000)
  region size 1024K, 60 young (61440K), 1 survivors (1024K)
 Metaspace       used 67436K, committed 68160K, reserved 1114112K
  class space    used 9211K, committed 9536K, reserved 1048576K
}
Event: 9.224 GC heap after
{Heap after GC invocations=41 (full 0):
 garbage-first heap   total 192512K, used 91443K [0x0000000080000000, 0x0000000100000000)
  region size 1024K, 6 young (6144K), 6 survivors (6144K)
 Metaspace       used 67436K, committed 68160K, reserved 1114112K
  class space    used 9211K, committed 9536K, reserved 1048576K
}
Event: 9.676 GC heap before
{Heap before GC invocations=42 (full 0):
 garbage-first heap   total 192512K, used 149682K [0x0000000080000000, 0x0000000100000000)
  region size 1024K, 63 young (64512K), 6 survivors (6144K)
 Metaspace       used 73192K, committed 73856K, reserved 1114112K
  class space    used 10453K, committed 10752K, reserved 1048576K
}
Event: 9.680 GC heap after
{Heap after GC invocations=43 (full 0):
 garbage-first heap   total 192512K, used 93429K [0x0000000080000000, 0x0000000100000000)
  region size 1024K, 5 young (5120K), 5 survivors (5120K)
 Metaspace       used 73192K, committed 73856K, reserved 1114112K
  class space    used 10453K, committed 10752K, reserved 1048576K
}
Event: 9.706 GC heap before
{Heap before GC invocations=43 (full 0):
 garbage-first heap   total 192512K, used 97525K [0x0000000080000000, 0x0000000100000000)
  region size 1024K, 9 young (9216K), 5 survivors (5120K)
 Metaspace       used 73728K, committed 74368K, reserved 1114112K
  class space    used 10513K, committed 10816K, reserved 1048576K
}
Event: 9.709 GC heap after
{Heap after GC invocations=44 (full 0):
 garbage-first heap   total 192512K, used 91524K [0x0000000080000000, 0x0000000100000000)
  region size 1024K, 1 young (1024K), 1 survivors (1024K)
 Metaspace       used 73728K, committed 74368K, reserved 1114112K
  class space    used 10513K, committed 10816K, reserved 1048576K
}
Event: 10.247 GC heap before
{Heap before GC invocations=44 (full 0):
 garbage-first heap   total 192512K, used 159108K [0x0000000080000000, 0x0000000100000000)
  region size 1024K, 60 young (61440K), 1 survivors (1024K)
 Metaspace       used 82136K, committed 82880K, reserved 1179648K
  class space    used 11562K, committed 11904K, reserved 1048576K
}
Event: 10.250 GC heap after
{Heap after GC invocations=45 (full 0):
 garbage-first heap   total 192512K, used 100690K [0x0000000080000000, 0x0000000100000000)
  region size 1024K, 3 young (3072K), 3 survivors (3072K)
 Metaspace       used 82136K, committed 82880K, reserved 1179648K
  class space    used 11562K, committed 11904K, reserved 1048576K
}
Event: 10.543 GC heap before
{Heap before GC invocations=45 (full 0):
 garbage-first heap   total 192512K, used 159058K [0x0000000080000000, 0x0000000100000000)
  region size 1024K, 57 young (58368K), 3 survivors (3072K)
 Metaspace       used 82277K, committed 83072K, reserved 1179648K
  class space    used 11567K, committed 11904K, reserved 1048576K
}
Event: 10.553 GC heap after
{Heap after GC invocations=46 (full 0):
 garbage-first heap   total 192512K, used 109195K [0x0000000080000000, 0x0000000100000000)
  region size 1024K, 8 young (8192K), 8 survivors (8192K)
 Metaspace       used 82277K, committed 83072K, reserved 1179648K
  class space    used 11567K, committed 11904K, reserved 1048576K
}
Event: 10.849 GC heap before
{Heap before GC invocations=46 (full 0):
 garbage-first heap   total 192512K, used 152203K [0x0000000080000000, 0x0000000100000000)
  region size 1024K, 49 young (50176K), 8 survivors (8192K)
 Metaspace       used 85620K, committed 86336K, reserved 1179648K
  class space    used 11975K, committed 12288K, reserved 1048576K
}
Event: 10.856 GC heap after
{Heap after GC invocations=47 (full 0):
 garbage-first heap   total 394240K, used 114056K [0x0000000080000000, 0x0000000100000000)
  region size 1024K, 5 young (5120K), 5 survivors (5120K)
 Metaspace       used 85620K, committed 86336K, reserved 1179648K
  class space    used 11975K, committed 12288K, reserved 1048576K
}
Event: 12.406 GC heap before
{Heap before GC invocations=47 (full 0):
 garbage-first heap   total 394240K, used 290184K [0x0000000080000000, 0x0000000100000000)
  region size 1024K, 165 young (168960K), 5 survivors (5120K)
 Metaspace       used 103245K, committed 104000K, reserved 1179648K
  class space    used 13949K, committed 14336K, reserved 1048576K
}
Event: 12.415 GC heap after
{Heap after GC invocations=48 (full 0):
 garbage-first heap   total 394240K, used 135552K [0x0000000080000000, 0x0000000100000000)
  region size 1024K, 16 young (16384K), 16 survivors (16384K)
 Metaspace       used 103245K, committed 104000K, reserved 1179648K
  class space    used 13949K, committed 14336K, reserved 1048576K
}

