# JRE version: OpenJDK Runtime Environment (17.0.11) (build 17.0.11+0--11852314)
# Java VM: OpenJDK 64-Bit Server VM (17.0.11+0--11852314, mixed mode, tiered, compressed oops, compressed class ptrs, g1 gc, windows-amd64)
GC Precious Log:
 CPUs: 8 total, 8 available
 Memory: 16167M
 Large Page Support: Disabled
 NUMA Support: Disabled
 Compressed Oops: Enabled (32-bit)
 Heap Region Size: 1M
 Heap Min Capacity: 8M
 Heap Initial Capacity: 254M
 Heap Max Capacity: 2G
 Pre-touch: Disabled
 Parallel Workers: 8
 Concurrent Workers: 2
 Concurrent Refinement Workers: 8
 Periodic GC: Disabled
Heap:
 garbage-first heap   total 260096K, used 92988K [0x0000000080000000, 0x0000000100000000)
  region size 1024K, 5 young (5120K), 5 survivors (5120K)
 Metaspace       used 67284K, committed 67968K, reserved 1114112K
  class space    used 9189K, committed 9536K, reserved 1048576K
GC Heap History (20 events):
Event: 6.755 GC heap after
{Heap after GC invocations=29 (full 0):
 garbage-first heap   total 133120K, used 74879K [0x0000000080000000, 0x0000000100000000)
  region size 1024K, 1 young (1024K), 1 survivors (1024K)
 Metaspace       used 55221K, committed 55872K, reserved 1114112K
  class space    used 7432K, committed 7744K, reserved 1048576K
}
Event: 7.014 GC heap before
{Heap before GC invocations=29 (full 0):
 garbage-first heap   total 133120K, used 97407K [0x0000000080000000, 0x0000000100000000)
  region size 1024K, 24 young (24576K), 1 survivors (1024K)
 Metaspace       used 57234K, committed 57920K, reserved 1114112K
  class space    used 7733K, committed 8064K, reserved 1048576K
}
Event: 7.016 GC heap after
{Heap after GC invocations=30 (full 0):
 garbage-first heap   total 133120K, used 76154K [0x0000000080000000, 0x0000000100000000)
  region size 1024K, 2 young (2048K), 2 survivors (2048K)
 Metaspace       used 57234K, committed 57920K, reserved 1114112K
  class space    used 7733K, committed 8064K, reserved 1048576K
}
Event: 7.344 GC heap before
{Heap before GC invocations=31 (full 0):
 garbage-first heap   total 133120K, used 100730K [0x0000000080000000, 0x0000000100000000)
  region size 1024K, 27 young (27648K), 2 survivors (2048K)
 Metaspace       used 60377K, committed 60992K, reserved 1114112K
  class space    used 8187K, committed 8512K, reserved 1048576K
}
Event: 7.346 GC heap after
{Heap after GC invocations=32 (full 0):
 garbage-first heap   total 159744K, used 77229K [0x0000000080000000, 0x0000000100000000)
  region size 1024K, 3 young (3072K), 3 survivors (3072K)
 Metaspace       used 60377K, committed 60992K, reserved 1114112K
  class space    used 8187K, committed 8512K, reserved 1048576K
}
Event: 7.394 GC heap before
{Heap before GC invocations=32 (full 0):
 garbage-first heap   total 159744K, used 81325K [0x0000000080000000, 0x0000000100000000)
  region size 1024K, 7 young (7168K), 3 survivors (3072K)
 Metaspace       used 60836K, committed 61440K, reserved 1114112K
  class space    used 8270K, committed 8576K, reserved 1048576K
}
Event: 7.396 GC heap after
{Heap after GC invocations=33 (full 0):
 garbage-first heap   total 159744K, used 76985K [0x0000000080000000, 0x0000000100000000)
  region size 1024K, 1 young (1024K), 1 survivors (1024K)
 Metaspace       used 60836K, committed 61440K, reserved 1114112K
  class space    used 8270K, committed 8576K, reserved 1048576K
}
Event: 8.048 GC heap before
{Heap before GC invocations=33 (full 0):
 garbage-first heap   total 159744K, used 118969K [0x0000000080000000, 0x0000000100000000)
  region size 1024K, 42 young (43008K), 1 survivors (1024K)
 Metaspace       used 65295K, committed 65984K, reserved 1114112K
  class space    used 8995K, committed 9344K, reserved 1048576K
}
Event: 8.051 GC heap after
{Heap after GC invocations=34 (full 0):
 garbage-first heap   total 159744K, used 79739K [0x0000000080000000, 0x0000000100000000)
  region size 1024K, 4 young (4096K), 4 survivors (4096K)
 Metaspace       used 65295K, committed 65984K, reserved 1114112K
  class space    used 8995K, committed 9344K, reserved 1048576K
}
Event: 8.525 GC heap before
{Heap before GC invocations=35 (full 0):
 garbage-first heap   total 159744K, used 120699K [0x0000000080000000, 0x0000000100000000)
  region size 1024K, 45 young (46080K), 4 survivors (4096K)
 Metaspace       used 66932K, committed 67648K, reserved 1114112K
  class space    used 9187K, committed 9536K, reserved 1048576K
}
Event: 8.530 GC heap after
{Heap after GC invocations=36 (full 0):
 garbage-first heap   total 159744K, used 86195K [0x0000000080000000, 0x0000000100000000)
  region size 1024K, 6 young (6144K), 6 survivors (6144K)
 Metaspace       used 66932K, committed 67648K, reserved 1114112K
  class space    used 9187K, committed 9536K, reserved 1048576K
}
Event: 8.534 GC heap before
{Heap before GC invocations=36 (full 0):
 garbage-first heap   total 159744K, used 87219K [0x0000000080000000, 0x0000000100000000)
  region size 1024K, 7 young (7168K), 6 survivors (6144K)
 Metaspace       used 66936K, committed 67648K, reserved 1114112K
  class space    used 9187K, committed 9536K, reserved 1048576K
}
Event: 8.538 GC heap after
{Heap after GC invocations=37 (full 0):
 garbage-first heap   total 159744K, used 86212K [0x0000000080000000, 0x0000000100000000)
  region size 1024K, 1 young (1024K), 1 survivors (1024K)
 Metaspace       used 66936K, committed 67648K, reserved 1114112K
  class space    used 9187K, committed 9536K, reserved 1048576K
}
Event: 8.712 GC heap before
{Heap before GC invocations=37 (full 0):
 garbage-first heap   total 159744K, used 122052K [0x0000000080000000, 0x0000000100000000)
  region size 1024K, 37 young (37888K), 1 survivors (1024K)
 Metaspace       used 67173K, committed 67904K, reserved 1114112K
  class space    used 9188K, committed 9536K, reserved 1048576K
}
Event: 8.715 GC heap after
{Heap after GC invocations=38 (full 0):
 garbage-first heap   total 159744K, used 89716K [0x0000000080000000, 0x0000000100000000)
  region size 1024K, 5 young (5120K), 5 survivors (5120K)
 Metaspace       used 67173K, committed 67904K, reserved 1114112K
  class space    used 9188K, committed 9536K, reserved 1048576K
}
Event: 8.870 GC heap before
{Heap before GC invocations=39 (full 0):
 garbage-first heap   total 163840K, used 123508K [0x0000000080000000, 0x0000000100000000)
  region size 1024K, 39 young (39936K), 5 survivors (5120K)
 Metaspace       used 67262K, committed 67968K, reserved 1114112K
  class space    used 9188K, committed 9536K, reserved 1048576K
}
Event: 8.874 GC heap after
{Heap after GC invocations=40 (full 0):
 garbage-first heap   total 163840K, used 91201K [0x0000000080000000, 0x0000000100000000)
  region size 1024K, 5 young (5120K), 5 survivors (5120K)
 Metaspace       used 67262K, committed 67968K, reserved 1114112K
  class space    used 9188K, committed 9536K, reserved 1048576K
}
Event: 8.885 GC heap before
{Heap before GC invocations=40 (full 0):
 garbage-first heap   total 163840K, used 94273K [0x0000000080000000, 0x0000000100000000)
  region size 1024K, 8 young (8192K), 5 survivors (5120K)
 Metaspace       used 67266K, committed 67968K, reserved 1114112K
  class space    used 9188K, committed 9536K, reserved 1048576K
}
Event: 8.889 GC heap after
{Heap after GC invocations=41 (full 0):
 garbage-first heap   total 163840K, used 89241K [0x0000000080000000, 0x0000000100000000)
  region size 1024K, 1 young (1024K), 1 survivors (1024K)
 Metaspace       used 67266K, committed 67968K, reserved 1114112K
  class space    used 9188K, committed 9536K, reserved 1048576K
}
Event: 9.106 GC heap before
{Heap before GC invocations=41 (full 0):
 garbage-first heap   total 163840K, used 128153K [0x0000000080000000, 0x0000000100000000)
  region size 1024K, 40 young (40960K), 1 survivors (1024K)
 Metaspace       used 67284K, committed 67968K, reserved 1114112K
  class space    used 9189K, committed 9536K, reserved 1048576K
}

