# JRE version: OpenJDK Runtime Environment (17.0.11) (build 17.0.11+0--11852314)
# Java VM: OpenJDK 64-Bit Server VM (17.0.11+0--11852314, mixed mode, tiered, compressed oops, compressed class ptrs, g1 gc, windows-amd64)
GC Precious Log:
 CPUs: 8 total, 8 available
 Memory: 16167M
 Large Page Support: Disabled
 NUMA Support: Disabled
 Compressed Oops: Enabled (32-bit)
 Heap Region Size: 1M
 Heap Min Capacity: 8M
 Heap Initial Capacity: 254M
 Heap Max Capacity: 2G
 Pre-touch: Disabled
 Parallel Workers: 8
 Concurrent Workers: 2
 Concurrent Refinement Workers: 8
 Periodic GC: Disabled
Heap:
 garbage-first heap   total 260096K, used 105523K [0x0000000080000000, 0x0000000100000000)
  region size 1024K, 2 young (2048K), 2 survivors (2048K)
 Metaspace       used 118729K, committed 119360K, reserved 1179648K
  class space    used 15514K, committed 15808K, reserved 1048576K
GC Heap History (20 events):
Event: 9.334 GC heap after
{Heap after GC invocations=27 (full 0):
 garbage-first heap   total 190464K, used 56699K [0x0000000080000000, 0x0000000100000000)
  region size 1024K, 1 young (1024K), 1 survivors (1024K)
 Metaspace       used 72102K, committed 72768K, reserved 1114112K
  class space    used 10240K, committed 10560K, reserved 1048576K
}
Event: 9.930 GC heap before
{Heap before GC invocations=27 (full 0):
 garbage-first heap   total 190464K, used 148859K [0x0000000080000000, 0x0000000100000000)
  region size 1024K, 82 young (83968K), 1 survivors (1024K)
 Metaspace       used 77480K, committed 78144K, reserved 1179648K
  class space    used 10917K, committed 11200K, reserved 1048576K
}
Event: 9.940 GC heap after
{Heap after GC invocations=28 (full 0):
 garbage-first heap   total 190464K, used 70906K [0x0000000080000000, 0x0000000100000000)
  region size 1024K, 11 young (11264K), 11 survivors (11264K)
 Metaspace       used 77480K, committed 78144K, reserved 1179648K
  class space    used 10917K, committed 11200K, reserved 1048576K
}
Event: 10.715 GC heap before
{Heap before GC invocations=28 (full 0):
 garbage-first heap   total 190464K, used 153850K [0x0000000080000000, 0x0000000100000000)
  region size 1024K, 79 young (80896K), 11 survivors (11264K)
 Metaspace       used 82089K, committed 82752K, reserved 1179648K
  class space    used 11453K, committed 11776K, reserved 1048576K
}
Event: 10.724 GC heap after
{Heap after GC invocations=29 (full 0):
 garbage-first heap   total 190464K, used 91430K [0x0000000080000000, 0x0000000100000000)
  region size 1024K, 10 young (10240K), 10 survivors (10240K)
 Metaspace       used 82089K, committed 82752K, reserved 1179648K
  class space    used 11453K, committed 11776K, reserved 1048576K
}
Event: 11.418 GC heap before
{Heap before GC invocations=29 (full 0):
 garbage-first heap   total 190464K, used 147750K [0x0000000080000000, 0x0000000100000000)
  region size 1024K, 65 young (66560K), 10 survivors (10240K)
 Metaspace       used 88445K, committed 89024K, reserved 1179648K
  class space    used 12068K, committed 12352K, reserved 1048576K
}
Event: 11.423 GC heap after
{Heap after GC invocations=30 (full 0):
 garbage-first heap   total 190464K, used 96544K [0x0000000080000000, 0x0000000100000000)
  region size 1024K, 5 young (5120K), 5 survivors (5120K)
 Metaspace       used 88445K, committed 89024K, reserved 1179648K
  class space    used 12068K, committed 12352K, reserved 1048576K
}
Event: 12.229 GC heap before
{Heap before GC invocations=30 (full 0):
 garbage-first heap   total 190464K, used 150816K [0x0000000080000000, 0x0000000100000000)
  region size 1024K, 58 young (59392K), 5 survivors (5120K)
 Metaspace       used 95108K, committed 95744K, reserved 1179648K
  class space    used 12877K, committed 13184K, reserved 1048576K
}
Event: 12.234 GC heap after
{Heap after GC invocations=31 (full 0):
 garbage-first heap   total 190464K, used 98060K [0x0000000080000000, 0x0000000100000000)
  region size 1024K, 7 young (7168K), 7 survivors (7168K)
 Metaspace       used 95108K, committed 95744K, reserved 1179648K
  class space    used 12877K, committed 13184K, reserved 1048576K
}
Event: 12.731 GC heap before
{Heap before GC invocations=32 (full 0):
 garbage-first heap   total 190464K, used 153356K [0x0000000080000000, 0x0000000100000000)
  region size 1024K, 60 young (61440K), 7 survivors (7168K)
 Metaspace       used 98198K, committed 98752K, reserved 1179648K
  class space    used 13303K, committed 13568K, reserved 1048576K
}
Event: 12.736 GC heap after
{Heap after GC invocations=33 (full 0):
 garbage-first heap   total 190464K, used 101365K [0x0000000080000000, 0x0000000100000000)
  region size 1024K, 6 young (6144K), 6 survivors (6144K)
 Metaspace       used 98198K, committed 98752K, reserved 1179648K
  class space    used 13303K, committed 13568K, reserved 1048576K
}
Event: 12.749 GC heap before
{Heap before GC invocations=33 (full 0):
 garbage-first heap   total 190464K, used 104437K [0x0000000080000000, 0x0000000100000000)
  region size 1024K, 9 young (9216K), 6 survivors (6144K)
 Metaspace       used 98207K, committed 98752K, reserved 1179648K
  class space    used 13303K, committed 13568K, reserved 1048576K
}
Event: 12.753 GC heap after
{Heap after GC invocations=34 (full 0):
 garbage-first heap   total 190464K, used 100235K [0x0000000080000000, 0x0000000100000000)
  region size 1024K, 1 young (1024K), 1 survivors (1024K)
 Metaspace       used 98207K, committed 98752K, reserved 1179648K
  class space    used 13303K, committed 13568K, reserved 1048576K
}
Event: 13.486 GC heap before
{Heap before GC invocations=34 (full 0):
 garbage-first heap   total 190464K, used 155531K [0x0000000080000000, 0x0000000100000000)
  region size 1024K, 55 young (56320K), 1 survivors (1024K)
 Metaspace       used 103067K, committed 103744K, reserved 1179648K
  class space    used 13851K, committed 14144K, reserved 1048576K
}
Event: 13.489 GC heap after
{Heap after GC invocations=35 (full 0):
 garbage-first heap   total 190464K, used 103340K [0x0000000080000000, 0x0000000100000000)
  region size 1024K, 4 young (4096K), 4 survivors (4096K)
 Metaspace       used 103067K, committed 103744K, reserved 1179648K
  class space    used 13851K, committed 14144K, reserved 1048576K
}
Event: 14.387 GC heap before
{Heap before GC invocations=36 (full 0):
 garbage-first heap   total 190464K, used 155564K [0x0000000080000000, 0x0000000100000000)
  region size 1024K, 56 young (57344K), 4 survivors (4096K)
 Metaspace       used 109609K, committed 110272K, reserved 1179648K
  class space    used 14593K, committed 14912K, reserved 1048576K
}
Event: 14.393 GC heap after
{Heap after GC invocations=37 (full 0):
 garbage-first heap   total 190464K, used 105727K [0x0000000080000000, 0x0000000100000000)
  region size 1024K, 3 young (3072K), 3 survivors (3072K)
 Metaspace       used 109609K, committed 110272K, reserved 1179648K
  class space    used 14593K, committed 14912K, reserved 1048576K
}
Event: 14.489 GC heap before
{Heap before GC invocations=37 (full 0):
 garbage-first heap   total 190464K, used 110847K [0x0000000080000000, 0x0000000100000000)
  region size 1024K, 9 young (9216K), 3 survivors (3072K)
 Metaspace       used 110773K, committed 111424K, reserved 1179648K
  class space    used 14672K, committed 14976K, reserved 1048576K
}
Event: 14.492 GC heap after
{Heap after GC invocations=38 (full 0):
 garbage-first heap   total 190464K, used 104336K [0x0000000080000000, 0x0000000100000000)
  region size 1024K, 1 young (1024K), 1 survivors (1024K)
 Metaspace       used 110773K, committed 111424K, reserved 1179648K
  class space    used 14672K, committed 14976K, reserved 1048576K
}
Event: 15.620 GC heap before
{Heap before GC invocations=38 (full 0):
 garbage-first heap   total 190464K, used 156560K [0x0000000080000000, 0x0000000100000000)
  region size 1024K, 53 young (54272K), 1 survivors (1024K)
 Metaspace       used 118729K, committed 119360K, reserved 1179648K
  class space    used 15514K, committed 15808K, reserved 1048576K
}

