# JRE version: OpenJDK Runtime Environment (17.0.11) (build 17.0.11+0--11852314)
# Java VM: OpenJDK 64-Bit Server VM (17.0.11+0--11852314, mixed mode, tiered, compressed oops, compressed class ptrs, g1 gc, windows-amd64)
GC Precious Log:
 CPUs: 8 total, 8 available
 Memory: 16167M
 Large Page Support: Disabled
 NUMA Support: Disabled
 Compressed Oops: Enabled (32-bit)
 Heap Region Size: 1M
 Heap Min Capacity: 8M
 Heap Initial Capacity: 254M
 Heap Max Capacity: 2G
 Pre-touch: Disabled
 Parallel Workers: 8
 Concurrent Workers: 2
 Concurrent Refinement Workers: 8
 Periodic GC: Disabled
Heap:
 garbage-first heap   total 309248K, used 196198K [0x0000000080000000, 0x0000000100000000)
  region size 1024K, 24 young (24576K), 9 survivors (9216K)
 Metaspace       used 111703K, committed 112640K, reserved 1179648K
  class space    used 15146K, committed 15616K, reserved 1048576K
GC Heap History (20 events):
Event: 17.046 GC heap before
{Heap before GC invocations=54 (full 0):
 garbage-first heap   total 273408K, used 221361K [0x0000000080000000, 0x0000000100000000)
  region size 1024K, 71 young (72704K), 7 survivors (7168K)
 Metaspace       used 96954K, committed 97728K, reserved 1179648K
  class space    used 13408K, committed 13760K, reserved 1048576K
}
Event: 17.051 GC heap after
{Heap after GC invocations=55 (full 0):
 garbage-first heap   total 273408K, used 157903K [0x0000000080000000, 0x0000000100000000)
  region size 1024K, 7 young (7168K), 7 survivors (7168K)
 Metaspace       used 96954K, committed 97728K, reserved 1179648K
  class space    used 13408K, committed 13760K, reserved 1048576K
}
Event: 17.083 GC heap before
{Heap before GC invocations=55 (full 0):
 garbage-first heap   total 273408K, used 164047K [0x0000000080000000, 0x0000000100000000)
  region size 1024K, 13 young (13312K), 7 survivors (7168K)
 Metaspace       used 96954K, committed 97728K, reserved 1179648K
  class space    used 13408K, committed 13760K, reserved 1048576K
}
Event: 17.088 GC heap after
{Heap after GC invocations=56 (full 0):
 garbage-first heap   total 273408K, used 155987K [0x0000000080000000, 0x0000000100000000)
  region size 1024K, 2 young (2048K), 2 survivors (2048K)
 Metaspace       used 96954K, committed 97728K, reserved 1179648K
  class space    used 13408K, committed 13760K, reserved 1048576K
}
Event: 17.437 GC heap before
{Heap before GC invocations=56 (full 0):
 garbage-first heap   total 273408K, used 225619K [0x0000000080000000, 0x0000000100000000)
  region size 1024K, 70 young (71680K), 2 survivors (2048K)
 Metaspace       used 96954K, committed 97728K, reserved 1179648K
  class space    used 13408K, committed 13760K, reserved 1048576K
}
Event: 17.442 GC heap after
{Heap after GC invocations=57 (full 0):
 garbage-first heap   total 273408K, used 159354K [0x0000000080000000, 0x0000000100000000)
  region size 1024K, 6 young (6144K), 6 survivors (6144K)
 Metaspace       used 96954K, committed 97728K, reserved 1179648K
  class space    used 13408K, committed 13760K, reserved 1048576K
}
Event: 17.879 GC heap before
{Heap before GC invocations=57 (full 0):
 garbage-first heap   total 273408K, used 226938K [0x0000000080000000, 0x0000000100000000)
  region size 1024K, 72 young (73728K), 6 survivors (6144K)
 Metaspace       used 96955K, committed 97728K, reserved 1179648K
  class space    used 13408K, committed 13760K, reserved 1048576K
}
Event: 17.884 GC heap after
{Heap after GC invocations=58 (full 0):
 garbage-first heap   total 273408K, used 161462K [0x0000000080000000, 0x0000000100000000)
  region size 1024K, 5 young (5120K), 5 survivors (5120K)
 Metaspace       used 96955K, committed 97728K, reserved 1179648K
  class space    used 13408K, committed 13760K, reserved 1048576K
}
Event: 18.213 GC heap before
{Heap before GC invocations=58 (full 0):
 garbage-first heap   total 273408K, used 229046K [0x0000000080000000, 0x0000000100000000)
  region size 1024K, 71 young (72704K), 5 survivors (5120K)
 Metaspace       used 97180K, committed 97984K, reserved 1179648K
  class space    used 13435K, committed 13824K, reserved 1048576K
}
Event: 18.217 GC heap after
{Heap after GC invocations=59 (full 0):
 garbage-first heap   total 273408K, used 164575K [0x0000000080000000, 0x0000000100000000)
  region size 1024K, 8 young (8192K), 8 survivors (8192K)
 Metaspace       used 97180K, committed 97984K, reserved 1179648K
  class space    used 13435K, committed 13824K, reserved 1048576K
}
Event: 19.057 GC heap before
{Heap before GC invocations=60 (full 0):
 garbage-first heap   total 288768K, used 228063K [0x0000000080000000, 0x0000000100000000)
  region size 1024K, 69 young (70656K), 8 survivors (8192K)
 Metaspace       used 102779K, committed 103680K, reserved 1179648K
  class space    used 14163K, committed 14592K, reserved 1048576K
}
Event: 19.065 GC heap after
{Heap after GC invocations=61 (full 0):
 garbage-first heap   total 288768K, used 167672K [0x0000000080000000, 0x0000000100000000)
  region size 1024K, 4 young (4096K), 4 survivors (4096K)
 Metaspace       used 102779K, committed 103680K, reserved 1179648K
  class space    used 14163K, committed 14592K, reserved 1048576K
}
Event: 19.285 GC heap before
{Heap before GC invocations=61 (full 0):
 garbage-first heap   total 288768K, used 176888K [0x0000000080000000, 0x0000000100000000)
  region size 1024K, 14 young (14336K), 4 survivors (4096K)
 Metaspace       used 104494K, committed 105408K, reserved 1179648K
  class space    used 14368K, committed 14784K, reserved 1048576K
}
Event: 19.289 GC heap after
{Heap after GC invocations=62 (full 0):
 garbage-first heap   total 288768K, used 167087K [0x0000000080000000, 0x0000000100000000)
  region size 1024K, 1 young (1024K), 1 survivors (1024K)
 Metaspace       used 104494K, committed 105408K, reserved 1179648K
  class space    used 14368K, committed 14784K, reserved 1048576K
}
Event: 20.610 GC heap before
{Heap before GC invocations=62 (full 0):
 garbage-first heap   total 288768K, used 245935K [0x0000000080000000, 0x0000000100000000)
  region size 1024K, 73 young (74752K), 1 survivors (1024K)
 Metaspace       used 109848K, committed 110784K, reserved 1179648K
  class space    used 14917K, committed 15360K, reserved 1048576K
}
Event: 20.616 GC heap after
{Heap after GC invocations=63 (full 0):
 garbage-first heap   total 288768K, used 173887K [0x0000000080000000, 0x0000000100000000)
  region size 1024K, 8 young (8192K), 8 survivors (8192K)
 Metaspace       used 109848K, committed 110784K, reserved 1179648K
  class space    used 14917K, committed 15360K, reserved 1048576K
}
Event: 20.909 GC heap before
{Heap before GC invocations=63 (full 0):
 garbage-first heap   total 288768K, used 239423K [0x0000000080000000, 0x0000000100000000)
  region size 1024K, 73 young (74752K), 8 survivors (8192K)
 Metaspace       used 109894K, committed 110848K, reserved 1179648K
  class space    used 14920K, committed 15360K, reserved 1048576K
}
Event: 20.915 GC heap after
{Heap after GC invocations=64 (full 0):
 garbage-first heap   total 288768K, used 176646K [0x0000000080000000, 0x0000000100000000)
  region size 1024K, 6 young (6144K), 6 survivors (6144K)
 Metaspace       used 109894K, committed 110848K, reserved 1179648K
  class space    used 14920K, committed 15360K, reserved 1048576K
}
Event: 21.949 GC heap before
{Heap before GC invocations=64 (full 0):
 garbage-first heap   total 288768K, used 240134K [0x0000000080000000, 0x0000000100000000)
  region size 1024K, 69 young (70656K), 6 survivors (6144K)
 Metaspace       used 111390K, committed 112320K, reserved 1179648K
  class space    used 15101K, committed 15552K, reserved 1048576K
}
Event: 21.959 GC heap after
{Heap after GC invocations=65 (full 0):
 garbage-first heap   total 288768K, used 181862K [0x0000000080000000, 0x0000000100000000)
  region size 1024K, 9 young (9216K), 9 survivors (9216K)
 Metaspace       used 111390K, committed 112320K, reserved 1179648K
  class space    used 15101K, committed 15552K, reserved 1048576K
}

