# JRE version: OpenJDK Runtime Environment (17.0.11) (build 17.0.11+0--11852314)
# Java VM: OpenJDK 64-Bit Server VM (17.0.11+0--11852314, mixed mode, tiered, compressed oops, compressed class ptrs, g1 gc, windows-amd64)
GC Precious Log:
 CPUs: 8 total, 8 available
 Memory: 16167M
 Large Page Support: Disabled
 NUMA Support: Disabled
 Compressed Oops: Enabled (32-bit)
 Heap Region Size: 1M
 Heap Min Capacity: 8M
 Heap Initial Capacity: 254M
 Heap Max Capacity: 2G
 Pre-touch: Disabled
 Parallel Workers: 8
 Concurrent Workers: 2
 Concurrent Refinement Workers: 8
 Periodic GC: Disabled
Heap:
 garbage-first heap   total 260096K, used 108510K [0x0000000080000000, 0x0000000100000000)
  region size 1024K, 2 young (2048K), 2 survivors (2048K)
 Metaspace       used 82104K, committed 82816K, reserved 1179648K
  class space    used 11556K, committed 11840K, reserved 1048576K
GC Heap History (20 events):
Event: 17.516 GC heap after
{Heap after GC invocations=39 (full 0):
 garbage-first heap   total 162816K, used 88645K [0x0000000080000000, 0x0000000100000000)
  region size 1024K, 5 young (5120K), 5 survivors (5120K)
 Metaspace       used 67301K, committed 67968K, reserved 1114112K
  class space    used 9197K, committed 9536K, reserved 1048576K
}
Event: 17.570 GC heap before
{Heap before GC invocations=39 (full 0):
 garbage-first heap   total 162816K, used 90693K [0x0000000080000000, 0x0000000100000000)
  region size 1024K, 7 young (7168K), 5 survivors (5120K)
 Metaspace       used 67302K, committed 67968K, reserved 1114112K
  class space    used 9197K, committed 9536K, reserved 1048576K
}
Event: 17.573 GC heap after
{Heap after GC invocations=40 (full 0):
 garbage-first heap   total 162816K, used 88263K [0x0000000080000000, 0x0000000100000000)
  region size 1024K, 1 young (1024K), 1 survivors (1024K)
 Metaspace       used 67302K, committed 67968K, reserved 1114112K
  class space    used 9197K, committed 9536K, reserved 1048576K
}
Event: 18.288 GC heap before
{Heap before GC invocations=40 (full 0):
 garbage-first heap   total 162816K, used 127175K [0x0000000080000000, 0x0000000100000000)
  region size 1024K, 40 young (40960K), 1 survivors (1024K)
 Metaspace       used 67335K, committed 67968K, reserved 1114112K
  class space    used 9198K, committed 9536K, reserved 1048576K
}
Event: 18.291 GC heap after
{Heap after GC invocations=41 (full 0):
 garbage-first heap   total 162816K, used 91903K [0x0000000080000000, 0x0000000100000000)
  region size 1024K, 5 young (5120K), 5 survivors (5120K)
 Metaspace       used 67335K, committed 67968K, reserved 1114112K
  class space    used 9198K, committed 9536K, reserved 1048576K
}
Event: 18.935 GC heap before
{Heap before GC invocations=42 (full 0):
 garbage-first heap   total 162816K, used 128097K [0x0000000080000000, 0x0000000100000000)
  region size 1024K, 42 young (43008K), 5 survivors (5120K)
 Metaspace       used 67346K, committed 68032K, reserved 1114112K
  class space    used 9199K, committed 9536K, reserved 1048576K
}
Event: 18.939 GC heap after
{Heap after GC invocations=43 (full 0):
 garbage-first heap   total 162816K, used 92768K [0x0000000080000000, 0x0000000100000000)
  region size 1024K, 5 young (5120K), 5 survivors (5120K)
 Metaspace       used 67346K, committed 68032K, reserved 1114112K
  class space    used 9199K, committed 9536K, reserved 1048576K
}
Event: 18.993 GC heap before
{Heap before GC invocations=43 (full 0):
 garbage-first heap   total 162816K, used 94816K [0x0000000080000000, 0x0000000100000000)
  region size 1024K, 7 young (7168K), 5 survivors (5120K)
 Metaspace       used 67366K, committed 68032K, reserved 1114112K
  class space    used 9201K, committed 9536K, reserved 1048576K
}
Event: 18.997 GC heap after
{Heap after GC invocations=44 (full 0):
 garbage-first heap   total 162816K, used 89581K [0x0000000080000000, 0x0000000100000000)
  region size 1024K, 1 young (1024K), 1 survivors (1024K)
 Metaspace       used 67366K, committed 68032K, reserved 1114112K
  class space    used 9201K, committed 9536K, reserved 1048576K
}
Event: 19.604 GC heap before
{Heap before GC invocations=44 (full 0):
 garbage-first heap   total 162816K, used 129517K [0x0000000080000000, 0x0000000100000000)
  region size 1024K, 40 young (40960K), 1 survivors (1024K)
 Metaspace       used 73054K, committed 73728K, reserved 1114112K
  class space    used 10434K, committed 10752K, reserved 1048576K
}
Event: 19.606 GC heap after
{Heap after GC invocations=45 (full 0):
 garbage-first heap   total 162816K, used 91000K [0x0000000080000000, 0x0000000100000000)
  region size 1024K, 3 young (3072K), 3 survivors (3072K)
 Metaspace       used 73054K, committed 73728K, reserved 1114112K
  class space    used 10434K, committed 10752K, reserved 1048576K
}
Event: 20.187 GC heap before
{Heap before GC invocations=46 (full 0):
 garbage-first heap   total 162816K, used 130936K [0x0000000080000000, 0x0000000100000000)
  region size 1024K, 42 young (43008K), 3 survivors (3072K)
 Metaspace       used 78678K, committed 79360K, reserved 1179648K
  class space    used 11128K, committed 11456K, reserved 1048576K
}
Event: 20.189 GC heap after
{Heap after GC invocations=47 (full 0):
 garbage-first heap   total 162816K, used 91740K [0x0000000080000000, 0x0000000100000000)
  region size 1024K, 3 young (3072K), 3 survivors (3072K)
 Metaspace       used 78678K, committed 79360K, reserved 1179648K
  class space    used 11128K, committed 11456K, reserved 1048576K
}
Event: 20.257 GC heap before
{Heap before GC invocations=47 (full 0):
 garbage-first heap   total 162816K, used 95836K [0x0000000080000000, 0x0000000100000000)
  region size 1024K, 7 young (7168K), 3 survivors (3072K)
 Metaspace       used 79139K, committed 79808K, reserved 1179648K
  class space    used 11207K, committed 11520K, reserved 1048576K
}
Event: 20.259 GC heap after
{Heap after GC invocations=48 (full 0):
 garbage-first heap   total 162816K, used 90784K [0x0000000080000000, 0x0000000100000000)
  region size 1024K, 1 young (1024K), 1 survivors (1024K)
 Metaspace       used 79139K, committed 79808K, reserved 1179648K
  class space    used 11207K, committed 11520K, reserved 1048576K
}
Event: 20.613 GC heap before
{Heap before GC invocations=48 (full 0):
 garbage-first heap   total 162816K, used 140960K [0x0000000080000000, 0x0000000100000000)
  region size 1024K, 43 young (44032K), 1 survivors (1024K)
 Metaspace       used 82095K, committed 82816K, reserved 1179648K
  class space    used 11555K, committed 11840K, reserved 1048576K
}
Event: 20.620 GC heap after
{Heap after GC invocations=49 (full 0):
 garbage-first heap   total 162816K, used 107113K [0x0000000080000000, 0x0000000100000000)
  region size 1024K, 6 young (6144K), 6 survivors (6144K)
 Metaspace       used 82095K, committed 82816K, reserved 1179648K
  class space    used 11555K, committed 11840K, reserved 1048576K
}
Event: 20.795 GC heap before
{Heap before GC invocations=50 (full 0):
 garbage-first heap   total 186368K, used 134761K [0x0000000080000000, 0x0000000100000000)
  region size 1024K, 30 young (30720K), 6 survivors (6144K)
 Metaspace       used 82104K, committed 82816K, reserved 1179648K
  class space    used 11556K, committed 11840K, reserved 1048576K
}
Event: 20.804 GC heap after
{Heap after GC invocations=51 (full 0):
 garbage-first heap   total 186368K, used 108072K [0x0000000080000000, 0x0000000100000000)
  region size 1024K, 4 young (4096K), 4 survivors (4096K)
 Metaspace       used 82104K, committed 82816K, reserved 1179648K
  class space    used 11556K, committed 11840K, reserved 1048576K
}
Event: 20.835 GC heap before
{Heap before GC invocations=51 (full 0):
 garbage-first heap   total 186368K, used 113192K [0x0000000080000000, 0x0000000100000000)
  region size 1024K, 9 young (9216K), 4 survivors (4096K)
 Metaspace       used 82104K, committed 82816K, reserved 1179648K
  class space    used 11556K, committed 11840K, reserved 1048576K
}

