# JRE version: OpenJDK Runtime Environment (17.0.11) (build 17.0.11+0--11852314)
# Java VM: OpenJDK 64-Bit Server VM (17.0.11+0--11852314, mixed mode, tiered, compressed oops, compressed class ptrs, g1 gc, windows-amd64)
GC Precious Log:
 CPUs: 8 total, 8 available
 Memory: 16167M
 Large Page Support: Disabled
 NUMA Support: Disabled
 Compressed Oops: Enabled (32-bit)
 Heap Region Size: 1M
 Heap Min Capacity: 8M
 Heap Initial Capacity: 254M
 Heap Max Capacity: 2G
 Pre-touch: Disabled
 Parallel Workers: 8
 Concurrent Workers: 2
 Concurrent Refinement Workers: 8
 Periodic GC: Disabled
Heap:
 garbage-first heap   total 260096K, used 194496K [0x0000000080000000, 0x0000000100000000)
  region size 1024K, 1 young (1024K), 1 survivors (1024K)
 Metaspace       used 111727K, committed 112640K, reserved 1179648K
  class space    used 15163K, committed 15616K, reserved 1048576K
GC Heap History (20 events):
Event: 24.181 GC heap after
{Heap after GC invocations=68 (full 0):
 garbage-first heap   total 232448K, used 182235K [0x0000000080000000, 0x0000000100000000)
  region size 1024K, 4 young (4096K), 4 survivors (4096K)
 Metaspace       used 109966K, committed 110848K, reserved 1179648K
  class space    used 14914K, committed 15360K, reserved 1048576K
}
Event: 24.218 GC heap before
{Heap before GC invocations=68 (full 0):
 garbage-first heap   total 232448K, used 201691K [0x0000000080000000, 0x0000000100000000)
  region size 1024K, 23 young (23552K), 4 survivors (4096K)
 Metaspace       used 109970K, committed 110848K, reserved 1179648K
  class space    used 14914K, committed 15360K, reserved 1048576K
}
Event: 24.222 GC heap after
{Heap after GC invocations=69 (full 0):
 garbage-first heap   total 232448K, used 184320K [0x0000000080000000, 0x0000000100000000)
  region size 1024K, 3 young (3072K), 3 survivors (3072K)
 Metaspace       used 109970K, committed 110848K, reserved 1179648K
  class space    used 14914K, committed 15360K, reserved 1048576K
}
Event: 24.289 GC heap before
{Heap before GC invocations=69 (full 0):
 garbage-first heap   total 232448K, used 201728K [0x0000000080000000, 0x0000000100000000)
  region size 1024K, 20 young (20480K), 3 survivors (3072K)
 Metaspace       used 109973K, committed 110848K, reserved 1179648K
  class space    used 14914K, committed 15360K, reserved 1048576K
}
Event: 24.291 GC heap after
{Heap after GC invocations=70 (full 0):
 garbage-first heap   total 232448K, used 184994K [0x0000000080000000, 0x0000000100000000)
  region size 1024K, 3 young (3072K), 3 survivors (3072K)
 Metaspace       used 109973K, committed 110848K, reserved 1179648K
  class space    used 14914K, committed 15360K, reserved 1048576K
}
Event: 24.460 GC heap before
{Heap before GC invocations=70 (full 0):
 garbage-first heap   total 232448K, used 200354K [0x0000000080000000, 0x0000000100000000)
  region size 1024K, 19 young (19456K), 3 survivors (3072K)
 Metaspace       used 109975K, committed 110848K, reserved 1179648K
  class space    used 14914K, committed 15360K, reserved 1048576K
}
Event: 24.462 GC heap after
{Heap after GC invocations=71 (full 0):
 garbage-first heap   total 232448K, used 185667K [0x0000000080000000, 0x0000000100000000)
  region size 1024K, 3 young (3072K), 3 survivors (3072K)
 Metaspace       used 109975K, committed 110848K, reserved 1179648K
  class space    used 14914K, committed 15360K, reserved 1048576K
}
Event: 24.859 GC heap before
{Heap before GC invocations=71 (full 0):
 garbage-first heap   total 232448K, used 200003K [0x0000000080000000, 0x0000000100000000)
  region size 1024K, 18 young (18432K), 3 survivors (3072K)
 Metaspace       used 109985K, committed 110848K, reserved 1179648K
  class space    used 14914K, committed 15360K, reserved 1048576K
}
Event: 24.861 GC heap after
{Heap after GC invocations=72 (full 0):
 garbage-first heap   total 232448K, used 186368K [0x0000000080000000, 0x0000000100000000)
  region size 1024K, 3 young (3072K), 3 survivors (3072K)
 Metaspace       used 109985K, committed 110848K, reserved 1179648K
  class space    used 14914K, committed 15360K, reserved 1048576K
}
Event: 25.093 GC heap before
{Heap before GC invocations=72 (full 0):
 garbage-first heap   total 232448K, used 199680K [0x0000000080000000, 0x0000000100000000)
  region size 1024K, 17 young (17408K), 3 survivors (3072K)
 Metaspace       used 110259K, committed 111040K, reserved 1179648K
  class space    used 14977K, committed 15360K, reserved 1048576K
}
Event: 25.096 GC heap after
{Heap after GC invocations=73 (full 0):
 garbage-first heap   total 232448K, used 187126K [0x0000000080000000, 0x0000000100000000)
  region size 1024K, 3 young (3072K), 3 survivors (3072K)
 Metaspace       used 110259K, committed 111040K, reserved 1179648K
  class space    used 14977K, committed 15360K, reserved 1048576K
}
Event: 25.336 GC heap before
{Heap before GC invocations=73 (full 0):
 garbage-first heap   total 232448K, used 199414K [0x0000000080000000, 0x0000000100000000)
  region size 1024K, 16 young (16384K), 3 survivors (3072K)
 Metaspace       used 110681K, committed 111616K, reserved 1179648K
  class space    used 15049K, committed 15488K, reserved 1048576K
}
Event: 25.338 GC heap after
{Heap after GC invocations=74 (full 0):
 garbage-first heap   total 232448K, used 188160K [0x0000000080000000, 0x0000000100000000)
  region size 1024K, 2 young (2048K), 2 survivors (2048K)
 Metaspace       used 110681K, committed 111616K, reserved 1179648K
  class space    used 15049K, committed 15488K, reserved 1048576K
}
Event: 25.584 GC heap before
{Heap before GC invocations=74 (full 0):
 garbage-first heap   total 232448K, used 200448K [0x0000000080000000, 0x0000000100000000)
  region size 1024K, 14 young (14336K), 2 survivors (2048K)
 Metaspace       used 110830K, committed 111744K, reserved 1179648K
  class space    used 15057K, committed 15488K, reserved 1048576K
}
Event: 25.587 GC heap after
{Heap after GC invocations=75 (full 0):
 garbage-first heap   total 232448K, used 190217K [0x0000000080000000, 0x0000000100000000)
  region size 1024K, 2 young (2048K), 2 survivors (2048K)
 Metaspace       used 110830K, committed 111744K, reserved 1179648K
  class space    used 15057K, committed 15488K, reserved 1048576K
}
Event: 25.698 GC heap before
{Heap before GC invocations=75 (full 0):
 garbage-first heap   total 232448K, used 199433K [0x0000000080000000, 0x0000000100000000)
  region size 1024K, 12 young (12288K), 2 survivors (2048K)
 Metaspace       used 110879K, committed 111744K, reserved 1179648K
  class space    used 15058K, committed 15488K, reserved 1048576K
}
Event: 25.701 GC heap after
{Heap after GC invocations=76 (full 0):
 garbage-first heap   total 232448K, used 192401K [0x0000000080000000, 0x0000000100000000)
  region size 1024K, 2 young (2048K), 2 survivors (2048K)
 Metaspace       used 110879K, committed 111744K, reserved 1179648K
  class space    used 15058K, committed 15488K, reserved 1048576K
}
Event: 25.786 GC heap before
{Heap before GC invocations=76 (full 0):
 garbage-first heap   total 232448K, used 201617K [0x0000000080000000, 0x0000000100000000)
  region size 1024K, 11 young (11264K), 2 survivors (2048K)
 Metaspace       used 111293K, committed 112256K, reserved 1179648K
  class space    used 15116K, committed 15552K, reserved 1048576K
}
Event: 25.788 GC heap after
{Heap after GC invocations=77 (full 0):
 garbage-first heap   total 232448K, used 193842K [0x0000000080000000, 0x0000000100000000)
  region size 1024K, 2 young (2048K), 2 survivors (2048K)
 Metaspace       used 111293K, committed 112256K, reserved 1179648K
  class space    used 15116K, committed 15552K, reserved 1048576K
}
Event: 25.867 GC heap before
{Heap before GC invocations=77 (full 0):
 garbage-first heap   total 232448K, used 199986K [0x0000000080000000, 0x0000000100000000)
  region size 1024K, 10 young (10240K), 2 survivors (2048K)
 Metaspace       used 111727K, committed 112640K, reserved 1179648K
  class space    used 15163K, committed 15616K, reserved 1048576K
}

