# JRE version: OpenJDK Runtime Environment (17.0.11) (build 17.0.11+0--11852314)
# Java VM: OpenJDK 64-Bit Server VM (17.0.11+0--11852314, mixed mode, tiered, compressed oops, compressed class ptrs, g1 gc, windows-amd64)
GC Precious Log:
 CPUs: 8 total, 8 available
 Memory: 16167M
 Large Page Support: Disabled
 NUMA Support: Disabled
 Compressed Oops: Enabled (32-bit)
 Heap Region Size: 1M
 Heap Min Capacity: 8M
 Heap Initial Capacity: 254M
 Heap Max Capacity: 2G
 Pre-touch: Disabled
 Parallel Workers: 8
 Concurrent Workers: 2
 Concurrent Refinement Workers: 8
 Periodic GC: Disabled
Heap:
 garbage-first heap   total 260096K, used 203012K [0x0000000080000000, 0x0000000100000000)
  region size 1024K, 10 young (10240K), 2 survivors (2048K)
 Metaspace       used 159426K, committed 160384K, reserved 1245184K
  class space    used 20883K, committed 21312K, reserved 1048576K
GC Heap History (20 events):
Event: 32.736 GC heap before
{Heap before GC invocations=57 (full 0):
 garbage-first heap   total 227328K, used 192089K [0x0000000080000000, 0x0000000100000000)
  region size 1024K, 47 young (48128K), 7 survivors (7168K)
 Metaspace       used 156452K, committed 157376K, reserved 1245184K
  class space    used 20603K, committed 21056K, reserved 1048576K
}
Event: 32.742 GC heap after
{Heap after GC invocations=58 (full 0):
 garbage-first heap   total 227328K, used 154947K [0x0000000080000000, 0x0000000100000000)
  region size 1024K, 5 young (5120K), 5 survivors (5120K)
 Metaspace       used 156452K, committed 157376K, reserved 1245184K
  class space    used 20603K, committed 21056K, reserved 1048576K
}
Event: 36.359 GC heap before
{Heap before GC invocations=58 (full 0):
 garbage-first heap   total 227328K, used 190787K [0x0000000080000000, 0x0000000100000000)
  region size 1024K, 41 young (41984K), 5 survivors (5120K)
 Metaspace       used 156495K, committed 157440K, reserved 1245184K
  class space    used 20603K, committed 21056K, reserved 1048576K
}
Event: 36.362 GC heap after
{Heap after GC invocations=59 (full 0):
 garbage-first heap   total 227328K, used 156389K [0x0000000080000000, 0x0000000100000000)
  region size 1024K, 5 young (5120K), 5 survivors (5120K)
 Metaspace       used 156495K, committed 157440K, reserved 1245184K
  class space    used 20603K, committed 21056K, reserved 1048576K
}
Event: 37.920 GC heap before
{Heap before GC invocations=59 (full 0):
 garbage-first heap   total 227328K, used 190181K [0x0000000080000000, 0x0000000100000000)
  region size 1024K, 39 young (39936K), 5 survivors (5120K)
 Metaspace       used 156962K, committed 157888K, reserved 1245184K
  class space    used 20661K, committed 21120K, reserved 1048576K
}
Event: 37.924 GC heap after
{Heap after GC invocations=60 (full 0):
 garbage-first heap   total 227328K, used 158741K [0x0000000080000000, 0x0000000100000000)
  region size 1024K, 5 young (5120K), 5 survivors (5120K)
 Metaspace       used 156962K, committed 157888K, reserved 1245184K
  class space    used 20661K, committed 21120K, reserved 1048576K
}
Event: 38.739 GC heap before
{Heap before GC invocations=60 (full 0):
 garbage-first heap   total 227328K, used 190485K [0x0000000080000000, 0x0000000100000000)
  region size 1024K, 37 young (37888K), 5 survivors (5120K)
 Metaspace       used 158105K, committed 158976K, reserved 1245184K
  class space    used 20783K, committed 21184K, reserved 1048576K
}
Event: 38.743 GC heap after
{Heap after GC invocations=61 (full 0):
 garbage-first heap   total 227328K, used 160225K [0x0000000080000000, 0x0000000100000000)
  region size 1024K, 4 young (4096K), 4 survivors (4096K)
 Metaspace       used 158105K, committed 158976K, reserved 1245184K
  class space    used 20783K, committed 21184K, reserved 1048576K
}
Event: 39.557 GC heap before
{Heap before GC invocations=61 (full 0):
 garbage-first heap   total 227328K, used 189921K [0x0000000080000000, 0x0000000100000000)
  region size 1024K, 34 young (34816K), 4 survivors (4096K)
 Metaspace       used 159062K, committed 159872K, reserved 1245184K
  class space    used 20857K, committed 21248K, reserved 1048576K
}
Event: 39.561 GC heap after
{Heap after GC invocations=62 (full 0):
 garbage-first heap   total 227328K, used 164211K [0x0000000080000000, 0x0000000100000000)
  region size 1024K, 4 young (4096K), 4 survivors (4096K)
 Metaspace       used 159062K, committed 159872K, reserved 1245184K
  class space    used 20857K, committed 21248K, reserved 1048576K
}
Event: 40.070 GC heap before
{Heap before GC invocations=62 (full 0):
 garbage-first heap   total 227328K, used 191859K [0x0000000080000000, 0x0000000100000000)
  region size 1024K, 32 young (32768K), 4 survivors (4096K)
 Metaspace       used 159145K, committed 160000K, reserved 1245184K
  class space    used 20857K, committed 21248K, reserved 1048576K
}
Event: 40.076 GC heap after
{Heap after GC invocations=63 (full 0):
 garbage-first heap   total 227328K, used 172171K [0x0000000080000000, 0x0000000100000000)
  region size 1024K, 4 young (4096K), 4 survivors (4096K)
 Metaspace       used 159145K, committed 160000K, reserved 1245184K
  class space    used 20857K, committed 21248K, reserved 1048576K
}
Event: 40.315 GC heap before
{Heap before GC invocations=63 (full 0):
 garbage-first heap   total 227328K, used 198795K [0x0000000080000000, 0x0000000100000000)
  region size 1024K, 22 young (22528K), 4 survivors (4096K)
 Metaspace       used 159164K, committed 160064K, reserved 1245184K
  class space    used 20857K, committed 21248K, reserved 1048576K
}
Event: 40.320 GC heap after
{Heap after GC invocations=64 (full 0):
 garbage-first heap   total 227328K, used 180373K [0x0000000080000000, 0x0000000100000000)
  region size 1024K, 3 young (3072K), 3 survivors (3072K)
 Metaspace       used 159164K, committed 160064K, reserved 1245184K
  class space    used 20857K, committed 21248K, reserved 1048576K
}
Event: 40.381 GC heap before
{Heap before GC invocations=64 (full 0):
 garbage-first heap   total 227328K, used 191637K [0x0000000080000000, 0x0000000100000000)
  region size 1024K, 15 young (15360K), 3 survivors (3072K)
 Metaspace       used 159169K, committed 160064K, reserved 1245184K
  class space    used 20857K, committed 21248K, reserved 1048576K
}
Event: 40.385 GC heap after
{Heap after GC invocations=65 (full 0):
 garbage-first heap   total 227328K, used 189439K [0x0000000080000000, 0x0000000100000000)
  region size 1024K, 2 young (2048K), 2 survivors (2048K)
 Metaspace       used 159169K, committed 160064K, reserved 1245184K
  class space    used 20857K, committed 21248K, reserved 1048576K
}
Event: 40.459 GC heap before
{Heap before GC invocations=65 (full 0):
 garbage-first heap   total 227328K, used 197631K [0x0000000080000000, 0x0000000100000000)
  region size 1024K, 11 young (11264K), 2 survivors (2048K)
 Metaspace       used 159190K, committed 160064K, reserved 1245184K
  class space    used 20857K, committed 21248K, reserved 1048576K
}
Event: 40.463 GC heap after
{Heap after GC invocations=66 (full 0):
 garbage-first heap   total 227328K, used 194559K [0x0000000080000000, 0x0000000100000000)
  region size 1024K, 2 young (2048K), 2 survivors (2048K)
 Metaspace       used 159190K, committed 160064K, reserved 1245184K
  class space    used 20857K, committed 21248K, reserved 1048576K
}
Event: 40.653 GC heap before
{Heap before GC invocations=66 (full 0):
 garbage-first heap   total 227328K, used 202751K [0x0000000080000000, 0x0000000100000000)
  region size 1024K, 11 young (11264K), 2 survivors (2048K)
 Metaspace       used 159297K, committed 160192K, reserved 1245184K
  class space    used 20870K, committed 21248K, reserved 1048576K
}
Event: 40.656 GC heap after
{Heap after GC invocations=67 (full 0):
 garbage-first heap   total 227328K, used 197892K [0x0000000080000000, 0x0000000100000000)
  region size 1024K, 2 young (2048K), 2 survivors (2048K)
 Metaspace       used 159297K, committed 160192K, reserved 1245184K
  class space    used 20870K, committed 21248K, reserved 1048576K
}

